[debug] [2018-04-05T13:37:27.646Z] ----------------------------------------------------------------------
[debug] [2018-04-05T13:37:27.656Z] Command:       C:\Program Files\nodejs\node.exe C:\Users\Alex\AppData\Roaming\npm\node_modules\firebase-tools\bin\firebase serve
[debug] [2018-04-05T13:37:27.658Z] CLI Version:   3.17.7
[debug] [2018-04-05T13:37:27.658Z] Platform:      win32
[debug] [2018-04-05T13:37:27.658Z] Node Version:  v6.11.1
[debug] [2018-04-05T13:37:27.660Z] Time:          Thu Apr 05 2018 14:37:27 GMT+0100 (GMT Daylight Time)
[debug] [2018-04-05T13:37:27.660Z] ----------------------------------------------------------------------
[debug] 
[debug] [2018-04-05T13:37:27.709Z] > command requires scopes: ["email","openid","https://www.googleapis.com/auth/cloudplatformprojects.readonly","https://www.googleapis.com/auth/firebase","https://www.googleapis.com/auth/cloud-platform"]
[debug] [2018-04-05T13:37:27.710Z] > authorizing via signed-in user
[debug] [2018-04-05T13:37:27.724Z] >>> HTTP REQUEST GET https://admin.firebase.com/v1/projects/test-62963  
  
 Thu Apr 05 2018 14:37:27 GMT+0100 (GMT Daylight Time)
[debug] [2018-04-05T13:37:28.655Z] <<< HTTP RESPONSE 200
[debug] [2018-04-05T13:37:28.659Z] >>> HTTP REQUEST GET https://admin.firebase.com/v1/database/test-62963/tokens  
  
 Thu Apr 05 2018 14:37:28 GMT+0100 (GMT Daylight Time)
[debug] [2018-04-05T13:37:29.461Z] <<< HTTP RESPONSE 200
[debug] [2018-04-05T13:37:29.464Z] >>> HTTP REQUEST GET https://cloudresourcemanager.googleapis.com/v1/projects/test-62963  
  
 Thu Apr 05 2018 14:37:29 GMT+0100 (GMT Daylight Time)
[debug] [2018-04-05T13:37:30.496Z] <<< HTTP RESPONSE 200
[info] 
[info] === Serving from 'C:\Users\Alex\collabo_test'...
[info] 
[debug] [2018-04-05T13:37:30.506Z] >>> HTTP REQUEST GET https://mobilesdk-pa.googleapis.com/v1/projects/394148841247/clients/_:getWebAppConfig  
  
 Thu Apr 05 2018 14:37:30 GMT+0100 (GMT Daylight Time)
[debug] [2018-04-05T13:37:31.287Z] <<< HTTP RESPONSE 200
[info] i  hosting: Serving hosting files from: public
[info] +  hosting: Local server: http://localhost:5000

